my_nfc_demo-main/my_nfc_demo-main/build/app/outputs/mapping/release/seeds.txt
com.example.my_nfc_demo.MainActivity
com.example.my_nfc_demo.MainActivity: MainActivity()
...
io.flutter.embedding.android.FlutterSplashView$SavedState: java.lang.String previousCompletedSplashIsolate
androidx.window.layout.ActivityCompatHelperApi30: androidx.window.layout.ActivityCompatHelperApi30 INSTANCE
androidx.window.core.Version: androidx.window.core.Version$Companion Companion
androidx.window.core.Bounds: int right
kotlinx.coroutines.channels.AbstractSendChannel: java.lang.Object onCloseHandler
kotlinx.coroutines.android.HandlerContext: kotlinx.coroutines.android.HandlerContext _immediate
androidx.window.embedding.SplitRule: int layoutDirection
kotlin.jvm.internal.CallableReference: java.lang.Object NO_RECEIVER
io.flutter.embedding.engine.FlutterJNI: io.flutter.embedding.engine.FlutterJNI$AsyncWaitForVsyncDelegate asyncWaitForVsyncDelegate
androidx.lifecycle.Lifecycle$Event: androidx.lifecycle.Lifecycle$Event ON_STOP
kotlin.coroutines.jvm.internal.ContinuationImpl: kotlin.coroutines.Continuation intercepted
androidx.window.layout.FoldingFeature$Orientation: java.lang.String description
io.flutter.embedding.engine.renderer.SurfaceTextureWrapper: boolean attached
io.flutter.plugin.editing.ImeSyncDeferringInsetsCallback$AnimationCallback: io.flutter.plugin.editing.ImeSyncDeferringInsetsCallback this$0
androidx.window.layout.FoldingFeature$OcclusionType: java.lang.String description
androidx.window.layout.SidecarAdapter: java.lang.String TAG
io.flutter.plugin.platform.SingleViewPresentation: java.lang.String TAG
kotlinx.coroutines.scheduling.CoroutineScheduler: int _isTerminated
androidx.window.embedding.SplitInfo: androidx.window.embedding.ActivityStack secondaryActivityStack
kotlinx.coroutines.scheduling.WorkQueue: java.lang.Object lastScheduledTask
androidx.window.layout.WindowInfoTrackerImpl$windowLayoutInfo$1: java.lang.Object L$0
io.flutter.embedding.engine.FlutterJNI: boolean initCalled
androidx.window.embedding.ExtensionEmbeddingBackend: androidx.window.embedding.ExtensionEmbeddingBackend$Companion Companion
androidx.window.R$id: int androidx_window_activity_scope
io.flutter.plugins.GeneratedPluginRegistrant: java.lang.String TAG
androidx.window.embedding.ExtensionEmbeddingBackend$EmbeddingCallbackImpl: java.util.List lastInfo
androidx.window.layout.SidecarWindowBackend: java.util.concurrent.CopyOnWriteArrayList windowLayoutChangeCallbacks
kotlin.coroutines.jvm.internal.SuspendLambda: int arity
io.flutter.view.FlutterCallbackInformation: java.lang.String callbackName
io.flutter.view.AccessibilityViewEmbedder: java.lang.String TAG
io.flutter.view.AccessibilityViewEmbedder: java.util.Map originToFlutterId
io.flutter.embedding.engine.FlutterJNI: float refreshRateFPS
androidx.window.embedding.SplitInfo: androidx.window.embedding.ActivityStack primaryActivityStack
androidx.window.core.Version: androidx.window.core.Version UNKNOWN
androidx.window.embedding.MatcherUtils: java.lang.String sMatchersTag
androidx.window.core.Version: int patch
androidx.window.layout.SidecarWindowBackend$WindowLayoutChangeCallbackWrapper: java.util.concurrent.Executor executor
io.flutter.embedding.engine.plugins.lifecycle.HiddenLifecycleReference: androidx.lifecycle.Lifecycle lifecycle
androidx.window.embedding.ExtensionEmbeddingBackend$SplitListenerWrapper: java.util.concurrent.Executor executor
androidx.window.java.layout.WindowInfoTrackerCallbackAdapter$addListener$1$1: androidx.core.util.Consumer $consumer
kotlinx.coroutines.scheduling.WorkQueue: int consumerIndex
androidx.lifecycle.Lifecycle$Event: androidx.lifecycle.Lifecycle$Event ON_START
androidx.window.layout.EmptyDecorator: androidx.window.layout.EmptyDecorator INSTANCE
kotlinx.coroutines.internal.AtomicOp: java.lang.Object _consensus
androidx.window.layout.FoldingFeature$State: androidx.window.layout.FoldingFeature$State FLAT
androidx.window.layout.FoldingFeature$OcclusionType: androidx.window.layout.FoldingFeature$OcclusionType$Companion Companion
androidx.window.layout.SidecarCompat$FirstAttachAdapter: java.lang.ref.WeakReference activityWeakReference