my_nfc_demo-main/my_nfc_demo-main/build/app/outputs/mapping/release/mapping.txt
# compiler: R8
# compiler_version: 3.1.66
# min_api: 19
# pg_map_id: e52e9a1
# common_typos_disable
# {"id":"com.android.tools.r8.mapping","version":"1.0"}
...
kotlin.reflect.jvm.internal.impl.builtins.functions.FunctionClassKind$Companion$KindWithArity -> d1.c$a$a:
    kotlin.reflect.jvm.internal.impl.builtins.functions.FunctionClassKind kind -> a
    int arity -> b
    kotlin.reflect.jvm.internal.impl.builtins.functions.FunctionClassKind component1() -> a
    int component2() -> b
    kotlin.reflect.jvm.internal.impl.builtins.functions.FunctionClassKind getKind() -> c
kotlin.reflect.jvm.internal.impl.builtins.functions.FunctionClassScope -> d1.d:
    java.util.List computeDeclaredFunctions() -> i
kotlin.reflect.jvm.internal.impl.builtins.functions.FunctionClassScope$WhenMappings -> d1.d$a:
    int[] $EnumSwitchMapping$0 -> a
kotlin.reflect.jvm.internal.impl.builtins.functions.FunctionInvokeDescriptor -> d1.e:
    kotlin.reflect.jvm.internal.impl.builtins.functions.FunctionInvokeDescriptor$Factory Factory -> I
    kotlin.reflect.jvm.internal.impl.descriptors.impl.FunctionDescriptorImpl createSubstitutedCopy(kotlin.reflect.jvm.internal.impl.descriptors.DeclarationDescriptor,kotlin.reflect.jvm.internal.impl.descriptors.FunctionDescriptor,kotlin.reflect.jvm.internal.impl.descriptors.CallableMemberDescriptor$Kind,kotlin.reflect.jvm.internal.impl.name.Name,kotlin.reflect.jvm.internal.impl.descriptors.annotations.Annotations,kotlin.reflect.jvm.internal.impl.descriptors.SourceElement) -> N0
    kotlin.reflect.jvm.internal.impl.descriptors.FunctionDescriptor doSubstitute(kotlin.reflect.jvm.internal.impl.descriptors.impl.FunctionDescriptorImpl$CopyConfiguration) -> O0
    boolean isTailrec() -> Q
    kotlin.reflect.jvm.internal.impl.descriptors.FunctionDescriptor replaceParameterNames(java.util.List) -> r1
kotlin.reflect.jvm.internal.impl.builtins.functions.FunctionInvokeDescriptor$Factory -> d1.e$a:
    kotlin.reflect.jvm.internal.impl.builtins.functions.FunctionInvokeDescriptor create(kotlin.reflect.jvm.internal.impl.builtins.functions.FunctionClassDescriptor,boolean) -> a
    kotlin.reflect.jvm.internal.impl.descriptors.ValueParameterDescriptor createValueParameter(kotlin.reflect.jvm.internal.impl.builtins.functions.FunctionInvokeDescriptor,int,kotlin.reflect.jvm.internal.impl.descriptors.TypeParameterDescriptor) -> b
kotlin.reflect.jvm.internal.impl.builtins.jvm.CloneableClassScope -> e1.a:
    kotlin.reflect.jvm.internal.impl.name.Name CLONE_NAME -> f
    kotlin.reflect.jvm.internal.impl.builtins.jvm.CloneableClassScope$Companion Companion -> e
    java.util.List computeDeclaredFunctions() -> i
    kotlin.reflect.jvm.internal.impl.name.Name access$getCLONE_NAME$cp() -> m
kotlin.reflect.jvm.internal.impl.builtins.jvm.CloneableClassScope$Companion -> e1.a$a:
    kotlin.reflect.jvm.internal.impl.name.Name getCLONE_NAME() -> a
kotlin.reflect.jvm.internal.impl.builtins.jvm.FallbackBuiltIns -> e1.b:
    kotlin.reflect.jvm.internal.impl.builtins.KotlinBuiltIns Instance -> i
    kotlin.reflect.jvm.internal.impl.builtins.jvm.FallbackBuiltIns$Companion Companion -> h
    kotlin.reflect.jvm.internal.impl.builtins.KotlinBuiltIns access$getInstance$cp() -> E0
    kotlin.reflect.jvm.internal.impl.descriptors.deserialization.PlatformDependentDeclarationFilter$All getPlatformDependentDeclarationFilter() -> F0
    kotlin.reflect.jvm.internal.impl.descriptors.deserialization.PlatformDependentDeclarationFilter getPlatformDependentDeclarationFilter() -> M
kotlin.reflect.jvm.internal.impl.builtins.jvm.FallbackBuiltIns$Companion -> e1.b$a:
    kotlin.reflect.jvm.internal.impl.builtins.KotlinBuiltIns getInstance() -> a