my_nfc_demo-main/my_nfc_demo-main/build/app/outputs/mapping/release/usage.txt
com.example.my_nfc_demo.BuildConfig
com.example.my_nfc_demo.R$attr
com.example.my_nfc_demo.R$color
com.example.my_nfc_demo.R$dimen
com.example.my_nfc_demo.R$drawable
com.example.my_nfc_demo.R$id
com.example.my_nfc_demo.R$integer
com.example.my_nfc_demo.R$layout
com.example.my_nfc_demo.R$menu
com.example.my_nfc_demo.R$mipmap
com.example.my_nfc_demo.R$string
com.example.my_nfc_demo.R$style
com.example.my_nfc_demo.R$styleable
com.example.my_nfc_demo.R
...
androidx.core.view.DisplayCompat
androidx.core.view.DisplayCutoutCompat
androidx.core.view.DragAndDropPermissionsCompat
androidx.core.view.DragStartHelper$1
androidx.core.view.DragStartHelper$2
androidx.core.view.DragStartHelper$OnDragStartListener
androidx.core.view.DragStartHelper
androidx.core.view.GestureDetectorCompat$GestureDetectorCompatImpl
androidx.core.view.GestureDetectorCompat$GestureDetectorCompatImplBase$GestureHandler
androidx.core.view.GestureDetectorCompat$GestureDetectorCompatImplBase
androidx.core.view.GestureDetectorCompat$GestureDetectorCompatImplJellybeanMr2
androidx.core.view.GestureDetectorCompat
androidx.core.view.GravityCompat
androidx.core.view.InputDeviceCompat
androidx.core.view.KeyEventDispatcher$Component
androidx.core.view.KeyEventDispatcher
androidx.core.view.LayoutInflaterCompat$Factory2Wrapper
androidx.core.view.LayoutInflaterCompat
androidx.core.view.LayoutInflaterFactory
androidx.core.view.MarginLayoutParamsCompat
androidx.core.view.MenuCompat
androidx.core.view.MenuHost
androidx.core.view.MenuHostHelper$LifecycleContainer
androidx.core.view.MenuHostHelper
androidx.core.view.MenuItemCompat$1
androidx.core.view.MenuItemCompat$OnActionExpandListener
androidx.core.view.MenuItemCompat
androidx.core.view.MenuKt$children$1
androidx.core.view.MenuKt$iterator$1
androidx.core.view.MenuKt
androidx.core.view.MenuProvider
androidx.core.view.MotionEventCompat
androidx.core.view.NestedScrollingChild2
androidx.core.view.NestedScrollingChild3
androidx.core.view.NestedScrollingChild
androidx.core.view.NestedScrollingChildHelper
androidx.core.view.NestedScrollingParent2
androidx.core.view.NestedScrollingParent3
androidx.core.view.NestedScrollingParent
androidx.core.view.NestedScrollingParentHelper
androidx.core.view.OnApplyWindowInsetsListener
androidx.core.view.OnReceiveContentListener
androidx.core.view.OnReceiveContentViewBehavior
androidx.core.view.OneShotPreDrawListener
androidx.core.view.PointerIconCompat
androidx.core.view.ScaleGestureDetectorCompat
androidx.core.view.ScrollingView
androidx.core.view.TintableBackgroundView
androidx.core.view.VelocityTrackerCompat
androidx.core.view.ViewCompat$1
androidx.core.view.ViewCompat$2
androidx.core.view.ViewCompat$3
androidx.core.view.ViewCompat$4
androidx.core.view.ViewCompat$AccessibilityPaneVisibilityManager
androidx.core.view.ViewCompat$AccessibilityViewProperty
androidx.core.view.ViewCompat$Api15Impl
androidx.core.view.ViewCompat$Api16Impl
androidx.core.view.ViewCompat$Api17Impl
androidx.core.view.ViewCompat$Api18Impl
androidx.core.view.ViewCompat$Api19Impl
androidx.core.view.ViewCompat$Api20Impl
androidx.core.view.ViewCompat$Api21Impl$1
androidx.core.view.ViewCompat$Api21Impl
androidx.core.view.ViewCompat$Api23Impl
androidx.core.view.ViewCompat$Api24Impl
androidx.core.view.ViewCompat$Api26Impl
androidx.core.view.ViewCompat$Api28Impl
androidx.core.view.ViewCompat$Api29Impl
androidx.core.view.ViewCompat$Api30Impl
androidx.core.view.ViewCompat$Api31Impl
androidx.core.view.ViewCompat$FocusDirection
androidx.core.view.ViewCompat$FocusRealDirection
androidx.core.view.ViewCompat$FocusRelativeDirection
androidx.core.view.ViewCompat$NestedScrollType
androidx.core.view.ViewCompat$OnReceiveContentListenerAdapter
androidx.core.view.ViewCompat$OnUnhandledKeyEventListenerCompat
androidx.core.view.ViewCompat$ScrollAxis
androidx.core.view.ViewCompat$ScrollIndicators
androidx.core.view.ViewCompat$UnhandledKeyEventManager
androidx.core.view.ViewCompat
androidx.core.view.ViewConfigurationCompat
androidx.core.view.ViewGroupCompat
androidx.core.view.ViewGroupKt$children$1
androidx.core.view.ViewGroupKt$descendants$1
androidx.core.view.ViewGroupKt$iterator$1
androidx.core.view.ViewGroupKt
androidx.core.view.ViewKt$allViews$1
androidx.core.view.ViewKt$ancestors$1
androidx.core.view.ViewKt$doOnAttach$1
androidx.core.view.ViewKt$doOnDetach$1
androidx.core.view.ViewKt$doOnLayout$$inlined$doOnNextLayout$1
androidx.core.view.ViewKt$doOnNextLayout$1